{
  "stats": {
    "suites": 1,
    "tests": 6,
    "passes": 5,
    "pending": 0,
    "failures": 1,
    "start": "2023-09-12T23:50:53.681Z",
    "end": "2023-09-12T23:51:05.300Z",
    "duration": 11619,
    "testsRegistered": 6,
    "passPercent": 83.33333333333334,
    "pendingPercent": 0,
    "other": 0,
    "hasOther": false,
    "skipped": 0,
    "hasSkipped": false
  },
  "results": [
    {
      "uuid": "2738d72b-01f1-4797-ab55-8c484d6c8648",
      "title": "",
      "fullFile": "cypress/integration/main.cy.js",
      "file": "cypress/integration/main.cy.js",
      "beforeHooks": [],
      "afterHooks": [],
      "tests": [],
      "suites": [
        {
          "uuid": "ac276be1-e714-4bff-88d2-f93cdcd57984",
          "title": "Counter App",
          "fullFile": "",
          "file": "",
          "beforeHooks": [],
          "afterHooks": [],
          "tests": [
            {
              "title": "Should verify that we are on right website",
              "fullTitle": "Counter App Should verify that we are on right website",
              "timedOut": null,
              "duration": 717,
              "state": "passed",
              "speed": "fast",
              "pass": true,
              "fail": false,
              "pending": false,
              "context": null,
              "code": "cy.url().should(\"eq\", \"http://192.168.0.171:3000/\");\ncy.get(_mainPage.default.title).should(\"contain\", \"CounterApp\");\ncy.get(_mainPage.default.counterClock).should(\"contain\", 10);\ncy.get(_mainPage.default.addOne).should(\"contain\", \"+1\");\ncy.get(_mainPage.default.resetButton).should(\"contain\", \"Reset\");\ncy.get(_mainPage.default.decreaseOne).should(\"contain\", \"-1\");",
              "err": {},
              "uuid": "60e2063a-e8bd-4122-913c-513bed2065ce",
              "parentUUID": "ac276be1-e714-4bff-88d2-f93cdcd57984",
              "isHook": false,
              "skipped": false
            },
            {
              "title": "Should Verify that clicking the increment button increases the counter value by 1.",
              "fullTitle": "Counter App Should Verify that clicking the increment button increases the counter value by 1.",
              "timedOut": null,
              "duration": 328,
              "state": "passed",
              "speed": "fast",
              "pass": true,
              "fail": false,
              "pending": false,
              "context": null,
              "code": "cy.get(_mainPage.default.addOne).click();\ncy.get(_mainPage.default.counterClock).should(\"contain\", 11);",
              "err": {},
              "uuid": "68821f80-6356-40bf-a711-8e321f5f991b",
              "parentUUID": "ac276be1-e714-4bff-88d2-f93cdcd57984",
              "isHook": false,
              "skipped": false
            },
            {
              "title": "Should Verify that clicking the decrement button decrease the counter value by 1.",
              "fullTitle": "Counter App Should Verify that clicking the decrement button decrease the counter value by 1.",
              "timedOut": null,
              "duration": 279,
              "state": "passed",
              "speed": "fast",
              "pass": true,
              "fail": false,
              "pending": false,
              "context": null,
              "code": "cy.get(_mainPage.default.decreaseOne).click();\ncy.get(_mainPage.default.counterClock).should(\"contain\", 9);",
              "err": {},
              "uuid": "cc9412a4-7864-4093-860e-cd7bf8b53cec",
              "parentUUID": "ac276be1-e714-4bff-88d2-f93cdcd57984",
              "isHook": false,
              "skipped": false
            },
            {
              "title": "Should Verify that the counter doesn't below 0 or exceed a predefined maximum",
              "fullTitle": "Counter App Should Verify that the counter doesn't below 0 or exceed a predefined maximum",
              "timedOut": null,
              "duration": 5476,
              "state": "failed",
              "speed": null,
              "pass": false,
              "fail": true,
              "pending": false,
              "context": null,
              "code": "for (let i = 0; i < 11; i++) {\n  cy.get(_mainPage.default.decreaseOne).click();\n}\ncy.get(_mainPage.default.counterClock).should(\"contain\", 0);",
              "err": {
                "message": "AssertionError: Timed out retrying after 4000ms: expected '<h2>' to contain 0",
                "estack": "AssertionError: Timed out retrying after 4000ms: expected '<h2>' to contain 0\n    at Context.eval (http://192.168.0.171:3000/__cypress/tests?p=cypress\\integration\\main.cy.js:179:44)",
                "diff": null
              },
              "uuid": "35f94e65-01c6-4297-8143-8b92447312b3",
              "parentUUID": "ac276be1-e714-4bff-88d2-f93cdcd57984",
              "isHook": false,
              "skipped": false
            },
            {
              "title": "Should Verify that clicking Reset button sets the counter back to its initial value",
              "fullTitle": "Counter App Should Verify that clicking Reset button sets the counter back to its initial value",
              "timedOut": null,
              "duration": 412,
              "state": "passed",
              "speed": "fast",
              "pass": true,
              "fail": false,
              "pending": false,
              "context": null,
              "code": "cy.get(_mainPage.default.decreaseOne).click();\ncy.get(_mainPage.default.resetButton).click();\ncy.get(_mainPage.default.counterClock).should(\"contain\", 10);",
              "err": {},
              "uuid": "381304b1-8a40-4ac2-95df-4f69fd1b9e7c",
              "parentUUID": "ac276be1-e714-4bff-88d2-f93cdcd57984",
              "isHook": false,
              "skipped": false
            },
            {
              "title": "Should Verify that the counter behaves correctly when the increment or decrement button is clicked multiple times in succession",
              "fullTitle": "Counter App Should Verify that the counter behaves correctly when the increment or decrement button is clicked multiple times in succession",
              "timedOut": null,
              "duration": 2125,
              "state": "passed",
              "speed": "fast",
              "pass": true,
              "fail": false,
              "pending": false,
              "context": null,
              "code": "for (let i = 0; i < 10; i++) {\n  cy.get(_mainPage.default.decreaseOne).click();\n  cy.get(_mainPage.default.addOne).click();\n}\ncy.get(_mainPage.default.counterClock).should(\"contain\", 0);",
              "err": {},
              "uuid": "090c8eed-ff34-46d2-bdcc-faa663adf7e0",
              "parentUUID": "ac276be1-e714-4bff-88d2-f93cdcd57984",
              "isHook": false,
              "skipped": false
            }
          ],
          "suites": [],
          "passes": [
            "60e2063a-e8bd-4122-913c-513bed2065ce",
            "68821f80-6356-40bf-a711-8e321f5f991b",
            "cc9412a4-7864-4093-860e-cd7bf8b53cec",
            "381304b1-8a40-4ac2-95df-4f69fd1b9e7c",
            "090c8eed-ff34-46d2-bdcc-faa663adf7e0"
          ],
          "failures": [
            "35f94e65-01c6-4297-8143-8b92447312b3"
          ],
          "pending": [],
          "skipped": [],
          "duration": 9337,
          "root": false,
          "rootEmpty": false,
          "_timeout": 2000
        }
      ],
      "passes": [],
      "failures": [],
      "pending": [],
      "skipped": [],
      "duration": 0,
      "root": true,
      "rootEmpty": true,
      "_timeout": 2000
    }
  ],
  "meta": {
    "mocha": {
      "version": "7.0.1"
    },
    "mochawesome": {
      "options": {
        "quiet": false,
        "reportFilename": "mochawesome",
        "saveHtml": false,
        "saveJson": true,
        "consoleReporter": "spec",
        "useInlineDiffs": false,
        "code": true
      },
      "version": "7.1.3"
    },
    "marge": {
      "options": {
        "reportDir": "cypress/reports/mochawesome",
        "overwrite": false,
        "html": false,
        "json": true
      },
      "version": "6.2.0"
    }
  }
}